<?xml version="1.0" encoding="UTF-8"?>
<!-- Generated by org.testng.reporters.JUnitReportReporter -->
<testsuite hostname="MANOHAR" failures="0" tests="1" name="testCases.TC_001_AccountRegistrationTest" time="4.499" errors="0" timestamp="2023-10-05T16:50:23 IST" skipped="0">
  <testcase classname="testCases.TC_001_AccountRegistrationTest" name="test_account_Registration" time="4.499"/>
</testsuite> <!-- testCases.TC_001_AccountRegistrationTest -->
