<?xml version="1.0" encoding="UTF-8"?>
<!-- Generated by org.testng.reporters.JUnitReportReporter -->
<testsuite hostname="MANOHAR" failures="0" tests="1" name="testCases.TC_001_AccountRegistrationTest" time="2.728" errors="0" timestamp="2023-10-06T17:48:30 IST" skipped="0">
  <testcase classname="testCases.TC_001_AccountRegistrationTest" name="test_account_Registration" time="2.728"/>
</testsuite> <!-- testCases.TC_001_AccountRegistrationTest -->
